<?xml version="1.0" encoding="utf-8"?><testsuites name="pytest tests"><testsuite name="pytest" errors="0" failures="0" skipped="0" tests="7" time="0.144" timestamp="2026-07-01T11:56:33.817406+00:00" hostname="agent-env-52e7f45c-cf62-4682-8f52-a60116e8465d"><testcase classname="tests.test_ams_billing_frequency" name="test_monthly_advance_no_terms" time="0.015" /><testcase classname="tests.test_ams_billing_frequency" name="test_quarterly_advance" time="0.012" /><testcase classname="tests.test_ams_billing_frequency" name="test_quarterly_arrears_with_30day_terms" time="0.011" /><testcase classname="tests.test_ams_billing_frequency" name="test_monthly_arrears_with_60day_terms" time="0.011" /><testcase classname="tests.test_ams_billing_frequency" name="test_ams_start_month_arrears_user_scenario" time="0.011" /><testcase classname="tests.test_ams_billing_frequency" name="test_ams_start_month_advance" time="0.011" /><testcase classname="tests.test_ams_billing_frequency" name="test_ams_start_month_quarterly_arrears" time="0.011" /></testsuite></testsuites>