<?xml version="1.0" encoding="utf-8"?><testsuites name="pytest tests"><testsuite name="pytest" errors="0" failures="0" skipped="0" tests="10" time="4.463" timestamp="2026-07-01T13:36:21.328395+00:00" hostname="agent-env-52e7f45c-cf62-4682-8f52-a60116e8465d"><testcase classname="backend.tests.test_iter66_tm_wave_start" name="test_tm_wave_start_month_shifts_cost_and_milestone_revenue" time="0.612" /><testcase classname="backend.tests.test_iter66_tm_wave_start" name="test_tm_wave_start_month_1_baseline" time="0.352" /><testcase classname="backend.tests.test_iter66_tm_wave_start" name="test_tm_advance_milestone_with_offset" time="0.458" /><testcase classname="backend.tests.test_ams_billing_frequency" name="test_monthly_advance_no_terms" time="0.427" /><testcase classname="backend.tests.test_ams_billing_frequency" name="test_quarterly_advance" time="0.451" /><testcase classname="backend.tests.test_ams_billing_frequency" name="test_quarterly_arrears_with_30day_terms" time="0.415" /><testcase classname="backend.tests.test_ams_billing_frequency" name="test_monthly_arrears_with_60day_terms" time="0.415" /><testcase classname="backend.tests.test_ams_billing_frequency" name="test_ams_start_month_arrears_user_scenario" time="0.461" /><testcase classname="backend.tests.test_ams_billing_frequency" name="test_ams_start_month_advance" time="0.399" /><testcase classname="backend.tests.test_ams_billing_frequency" name="test_ams_start_month_quarterly_arrears" time="0.417" /></testsuite></testsuites>