<?xml version="1.0" encoding="utf-8"?><testsuites name="pytest tests"><testsuite name="pytest" errors="0" failures="0" skipped="0" tests="5" time="8.102" timestamp="2026-07-27T18:04:13.642823+00:00" hostname="agent-env-52e7f45c-cf62-4682-8f52-a60116e8465d"><testcase classname="tests.test_iter85_features.TestCloneReset" name="test_clone_resets_all_fields" time="0.319" /><testcase classname="tests.test_iter85_features.TestNewVersionBackgroundEmail" name="test_new_version_response_under_2s" time="0.133" /><testcase classname="tests.test_iter85_features.TestEscalationTimer" name="test_manual_scan_endpoint_shape" time="0.045" /><testcase classname="tests.test_iter85_features.TestEscalationTimer" name="test_stall_and_fire" time="7.545" /><testcase classname="tests.test_iter85_features.TestEscalationLoopStartup" name="test_startup_log_present" time="0.001" /></testsuite></testsuites>