<?xml version="1.0" encoding="utf-8"?><testsuites name="pytest tests"><testsuite name="pytest" errors="0" failures="0" skipped="0" tests="3" time="33.142" timestamp="2026-07-27T17:07:01.867285+00:00" hostname="agent-env-52e7f45c-cf62-4682-8f52-a60116e8465d"><testcase classname="tests.test_iter80_approval_matrix.TestProjectModelFields" name="test_get_project_returns_matrix_fields" time="0.363" /><testcase classname="tests.test_iter80_approval_matrix.TestSequentialApprovalFlow" name="test_full_sequential_flow" time="24.607" /><testcase classname="tests.test_iter80_approval_matrix.TestSequentialApprovalFlow" name="test_submit_without_matrix_requires_approver" time="8.064" /></testsuite></testsuites>