<?xml version="1.0" encoding="utf-8"?><testsuites name="pytest tests"><testsuite name="pytest" errors="0" failures="0" skipped="0" tests="2" time="0.076" timestamp="2026-07-01T11:57:07.864985+00:00" hostname="agent-env-52e7f45c-cf62-4682-8f52-a60116e8465d"><testcase classname="tests.test_iter65_regression" name="test_tm_implementation_only_project_unaffected" time="0.015" /><testcase classname="tests.test_iter65_regression" name="test_ams_default_start_month_1_new_convention" time="0.012" /></testsuite></testsuites>