<?xml version="1.0" encoding="utf-8"?><testsuites name="pytest tests"><testsuite name="pytest" errors="0" failures="0" skipped="0" tests="7" time="0.687" timestamp="2026-03-22T09:27:18.418676+00:00" hostname="agent-env-eb90b767-d3ee-4149-be62-39f01d16825d"><testcase classname="tests.test_phase_ranges.TestPhaseRangesAPI" name="test_create_project_with_phase_ranges" time="0.195" /><testcase classname="tests.test_phase_ranges.TestPhaseRangesAPI" name="test_get_project_with_phase_ranges" time="0.032" /><testcase classname="tests.test_phase_ranges.TestPhaseRangesAPI" name="test_update_project_phase_ranges" time="0.115" /><testcase classname="tests.test_phase_ranges.TestPhaseRangesAPI" name="test_delete_test_project" time="0.035" /><testcase classname="tests.test_phase_ranges.TestPhaseRangesValidation" name="test_empty_phase_ranges" time="0.069" /><testcase classname="tests.test_phase_ranges.TestPhaseRangesValidation" name="test_overlapping_phases" time="0.094" /><testcase classname="tests.test_phase_ranges.TestExistingProjectPhaseRanges" name="test_get_existing_project_phases" time="0.081" /></testsuite></testsuites>