<?xml version="1.0" encoding="utf-8"?><testsuites name="pytest tests"><testsuite name="pytest" errors="0" failures="0" skipped="0" tests="15" time="3.393" timestamp="2026-03-20T17:15:11.329137+00:00" hostname="agent-env-79366d61-6fdd-4307-bc63-a2569c22d60d"><testcase classname="backend.tests.test_iteration34_payment_terms.TestPaymentTermsFeature" name="test_get_milestones_returns_payment_terms_days" time="0.228" /><testcase classname="backend.tests.test_iteration34_payment_terms.TestPaymentTermsFeature" name="test_put_milestones_saves_payment_terms_30_days" time="0.328" /><testcase classname="backend.tests.test_iteration34_payment_terms.TestPaymentTermsFeature" name="test_put_milestones_saves_payment_terms_60_days" time="0.228" /><testcase classname="backend.tests.test_iteration34_payment_terms.TestPaymentTermsFeature" name="test_put_milestones_saves_payment_terms_0_immediate" time="0.183" /><testcase classname="backend.tests.test_iteration34_payment_terms.TestPaymentTermsFeature" name="test_cashflow_returns_payment_terms_fields" time="0.138" /><testcase classname="backend.tests.test_iteration34_payment_terms.TestPaymentTermsFeature" name="test_cashflow_returns_extended_months_in_wave_data" time="0.127" /><testcase classname="backend.tests.test_iteration34_payment_terms.TestPaymentTermsFeature" name="test_cashflow_30_day_offset_is_1_month" time="0.236" /><testcase classname="backend.tests.test_iteration34_payment_terms.TestPaymentTermsFeature" name="test_cashflow_60_day_offset_is_2_months" time="0.232" /><testcase classname="backend.tests.test_iteration34_payment_terms.TestPaymentTermsFeature" name="test_cashflow_0_day_no_offset" time="0.227" /><testcase classname="backend.tests.test_iteration34_payment_terms.TestPaymentTermsFeature" name="test_cashflow_extended_months_with_60_day_offset_w2" time="0.274" /><testcase classname="backend.tests.test_iteration34_payment_terms.TestPaymentTermsFeature" name="test_cashflow_no_extended_months_with_0_day_offset" time="0.302" /><testcase classname="backend.tests.test_iteration34_payment_terms.TestPaymentTermsFeature" name="test_cashflow_cash_in_shifted_to_correct_month" time="0.260" /><testcase classname="backend.tests.test_iteration34_payment_terms.TestMilestoneDataIntegrity" name="test_milestone_structure_complete" time="0.144" /><testcase classname="backend.tests.test_iteration34_payment_terms.TestMilestoneDataIntegrity" name="test_prj0025_has_both_waves" time="0.133" /><testcase classname="backend.tests.test_iteration34_payment_terms.TestMilestoneDataIntegrity" name="test_cleanup_restore_60_days" time="0.213" /></testsuite></testsuites>