<?xml version="1.0" encoding="utf-8"?><testsuites name="pytest tests"><testsuite name="pytest" errors="0" failures="0" skipped="0" tests="9" time="5.861" timestamp="2026-03-13T11:06:15.044940+00:00" hostname="agent-env-79366d61-6fdd-4307-bc63-a2569c22d60d"><testcase classname="backend.tests.test_iteration33_p0_bugs.TestContingencyAbsoluteFix" name="test_project_has_contingency_absolute" time="1.136" /><testcase classname="backend.tests.test_iteration33_p0_bugs.TestContingencyAbsoluteFix" name="test_project_has_no_traveling_resources" time="0.000" /><testcase classname="backend.tests.test_iteration33_p0_bugs.TestContingencyAbsoluteFix" name="test_cashflow_includes_contingency_absolute" time="0.407" /><testcase classname="backend.tests.test_iteration33_p0_bugs.TestContingencyAbsoluteFix" name="test_milestones_payment_includes_contingency_absolute" time="0.447" /><testcase classname="backend.tests.test_iteration33_p0_bugs.TestContingencyAbsoluteFix" name="test_projects_list_selling_price" time="0.785" /><testcase classname="backend.tests.test_iteration33_p0_bugs.TestMilestonePageRefresh" name="test_milestones_endpoint_returns_data" time="0.432" /><testcase classname="backend.tests.test_iteration33_p0_bugs.TestMilestonePageRefresh" name="test_project_endpoint_returns_current_data" time="0.423" /><testcase classname="backend.tests.test_iteration33_p0_bugs.TestAddMilestoneFeature" name="test_can_save_new_milestone" time="1.683" /><testcase classname="backend.tests.test_iteration33_p0_bugs.TestMilestonePercentageRecalculation" name="test_percentage_change_updates_amount" time="0.450" /></testsuite></testsuites>