<?xml version="1.0" encoding="utf-8"?><testsuites name="pytest tests"><testsuite name="pytest" errors="0" failures="0" skipped="0" tests="3" time="0.939" timestamp="2026-06-27T06:36:04.368778+00:00" hostname="agent-env-52e7f45c-cf62-4682-8f52-a60116e8465d"><testcase classname="backend.tests.test_iter59_cost_rate_cashflow" name="test_persistence_cost_rate" time="0.442" /><testcase classname="backend.tests.test_iter59_cost_rate_cashflow" name="test_cashflow_ams_shared_cost_and_total" time="0.087" /><testcase classname="backend.tests.test_iter59_cost_rate_cashflow" name="test_cashflow_non_ams_zero_cost" time="0.361" /></testsuite></testsuites>