<?xml version="1.0" encoding="utf-8"?><testsuites name="pytest tests"><testsuite name="pytest" errors="0" failures="0" skipped="0" tests="9" time="4.898" timestamp="2026-03-23T10:08:08.703243+00:00" hostname="agent-env-df18e78a-f136-48b7-b124-00e107c33c26"><testcase classname="backend.tests.test_iteration42_milestones.TestMilestoneAPI" name="test_get_milestones" time="1.106" /><testcase classname="backend.tests.test_iteration42_milestones.TestMilestoneAPI" name="test_put_payment_milestone" time="0.362" /><testcase classname="backend.tests.test_iteration42_milestones.TestMilestoneAPI" name="test_put_marker_milestone" time="0.361" /><testcase classname="backend.tests.test_iteration42_milestones.TestMilestoneAPI" name="test_marker_milestone_persistence" time="0.717" /><testcase classname="backend.tests.test_iteration42_milestones.TestMilestoneAPI" name="test_mixed_milestone_types" time="0.360" /><testcase classname="backend.tests.test_iteration42_milestones.TestMilestoneAPI" name="test_milestone_without_phase_name" time="0.358" /><testcase classname="backend.tests.test_iteration42_milestones.TestProjectAPI" name="test_get_project_with_phase_ranges" time="0.356" /><testcase classname="backend.tests.test_iteration42_milestones.TestAuthRequired" name="test_get_milestones_requires_auth" time="0.415" /><testcase classname="backend.tests.test_iteration42_milestones.TestAuthRequired" name="test_put_milestones_requires_auth" time="0.796" /></testsuite></testsuites>