<?xml version="1.0" encoding="utf-8"?><testsuites name="pytest tests"><testsuite name="pytest" errors="0" failures="0" skipped="0" tests="10" time="1.522" timestamp="2026-03-20T18:18:14.117697+00:00" hostname="agent-env-79366d61-6fdd-4307-bc63-a2569c22d60d"><testcase classname="backend.tests.test_iteration36_gantt_phases.TestGanttPhaseAssignments" name="test_01_project_exists" time="0.157" /><testcase classname="backend.tests.test_iteration36_gantt_phases.TestGanttPhaseAssignments" name="test_02_wave1_has_month_phases" time="0.122" /><testcase classname="backend.tests.test_iteration36_gantt_phases.TestGanttPhaseAssignments" name="test_03_wave1_has_wave_start_month" time="0.120" /><testcase classname="backend.tests.test_iteration36_gantt_phases.TestGanttPhaseAssignments" name="test_04_w2_has_month_phases" time="0.108" /><testcase classname="backend.tests.test_iteration36_gantt_phases.TestGanttPhaseAssignments" name="test_05_w2_has_wave_start_month_offset" time="0.124" /><testcase classname="backend.tests.test_iteration36_gantt_phases.TestGanttPhaseAssignments" name="test_06_save_project_with_phases" time="0.230" /><testcase classname="backend.tests.test_iteration36_gantt_phases.TestGanttPhaseAssignments" name="test_07_all_predefined_phases_available" time="0.115" /><testcase classname="backend.tests.test_iteration36_gantt_phases.TestGanttPhaseAssignments" name="test_08_wave_duration_matches_phases" time="0.159" /><testcase classname="backend.tests.test_iteration36_gantt_phases.TestGanttChartAPI" name="test_09_gantt_image_upload_endpoint_exists" time="0.182" /><testcase classname="backend.tests.test_iteration36_gantt_phases.TestGanttChartAPI" name="test_10_project_response_structure" time="0.132" /></testsuite></testsuites>