<?xml version="1.0" encoding="utf-8"?><testsuites name="pytest tests"><testsuite name="pytest" errors="0" failures="0" skipped="0" tests="14" time="12.466" timestamp="2026-03-11T10:40:31.700987+00:00" hostname="agent-env-c46ab2a2-6b15-4e6e-a611-f6243f65c6bb"><testcase classname="backend.tests.test_iteration28_milestones_cashflow.TestMilestonesCashflowFeatures" name="test_get_projects_list_for_milestones" time="1.104" /><testcase classname="backend.tests.test_iteration28_milestones_cashflow.TestMilestonesCashflowFeatures" name="test_get_milestones_for_ewf_project" time="0.784" /><testcase classname="backend.tests.test_iteration28_milestones_cashflow.TestMilestonesCashflowFeatures" name="test_get_milestones_for_dasg_project" time="0.786" /><testcase classname="backend.tests.test_iteration28_milestones_cashflow.TestMilestonesCashflowFeatures" name="test_ewf_milestones_amounts" time="0.806" /><testcase classname="backend.tests.test_iteration28_milestones_cashflow.TestMilestonesCashflowFeatures" name="test_cashflow_api_returns_wave_data_and_combined_data" time="0.800" /><testcase classname="backend.tests.test_iteration28_milestones_cashflow.TestMilestonesCashflowFeatures" name="test_cashflow_wave_data_structure" time="1.179" /><testcase classname="backend.tests.test_iteration28_milestones_cashflow.TestMilestonesCashflowFeatures" name="test_cashflow_monthly_data_has_cash_in_cash_out" time="0.929" /><testcase classname="backend.tests.test_iteration28_milestones_cashflow.TestMilestonesCashflowFeatures" name="test_cashflow_cash_in_from_milestones" time="0.799" /><testcase classname="backend.tests.test_iteration28_milestones_cashflow.TestMilestonesCashflowFeatures" name="test_cashflow_combined_data_has_cumulative" time="0.845" /><testcase classname="backend.tests.test_iteration28_milestones_cashflow.TestMilestonesCashflowFeatures" name="test_cashflow_summary_totals" time="0.812" /><testcase classname="backend.tests.test_iteration28_milestones_cashflow.TestMilestonesCashflowFeatures" name="test_projects_with_resource_data_for_cashflow" time="1.052" /><testcase classname="backend.tests.test_iteration28_milestones_cashflow.TestMilestonesCashflowFeatures" name="test_download_file_endpoint_exists" time="0.773" /><testcase classname="backend.tests.test_iteration28_milestones_cashflow.TestCashflowMultiWave" name="test_dasg_cashflow_has_wave_data" time="0.802" /><testcase classname="backend.tests.test_iteration28_milestones_cashflow.TestCashflowMultiWave" name="test_dasg_combined_data_sums_all_waves" time="0.795" /></testsuite></testsuites>