<?xml version="1.0" encoding="utf-8"?><testsuites name="pytest tests"><testsuite name="pytest" errors="0" failures="0" skipped="0" tests="6" time="1.787" timestamp="2026-06-26T14:27:30.165886+00:00" hostname="agent-env-52e7f45c-cf62-4682-8f52-a60116e8465d"><testcase classname="backend.tests.test_iter57_ams_shared" name="test_ams_wave_persisted_on_get" time="0.452" /><testcase classname="backend.tests.test_iter57_ams_shared" name="test_ams_wave_listed_in_versions_endpoint" time="0.080" /><testcase classname="backend.tests.test_iter57_ams_shared" name="test_cashflow_total_ams_shared" time="0.124" /><testcase classname="backend.tests.test_iter57_ams_shared" name="test_cashflow_ams_shared_bypasses_cost" time="0.226" /><testcase classname="backend.tests.test_iter57_ams_shared" name="test_ams_mix_keeps_grid_and_buckets" time="0.405" /><testcase classname="backend.tests.test_iter57_ams_shared" name="test_implementation_wave_no_ams_shared" time="0.397" /></testsuite></testsuites>