<?xml version="1.0" encoding="utf-8"?><testsuites name="pytest tests"><testsuite name="pytest" errors="0" failures="0" skipped="0" tests="7" time="1.948" timestamp="2026-04-24T14:35:14.241970+00:00" hostname="agent-env-6ad70ac6-5929-40dd-bf86-6a55a51226df"><testcase classname="backend.tests.test_phase1_quick_wins.TestSubTechnologiesAPI" name="test_get_sub_technologies" time="0.279" /><testcase classname="backend.tests.test_phase1_quick_wins.TestSubTechnologiesAPI" name="test_put_sub_technology_update_name" time="0.374" /><testcase classname="backend.tests.test_phase1_quick_wins.TestBaseLocationsAPI" name="test_get_base_locations" time="0.090" /><testcase classname="backend.tests.test_phase1_quick_wins.TestBaseLocationsAPI" name="test_put_base_location_update_overhead" time="0.461" /><testcase classname="backend.tests.test_phase1_quick_wins.TestProjectArchiveAPI" name="test_get_archived_projects" time="0.100" /><testcase classname="backend.tests.test_phase1_quick_wins.TestProjectArchiveAPI" name="test_archive_unarchive_flow" time="0.495" /><testcase classname="backend.tests.test_phase1_quick_wins.TestProjectsSorting" name="test_projects_api_returns_data" time="0.087" /></testsuite></testsuites>