<?xml version="1.0" encoding="utf-8"?><testsuites name="pytest tests"><testsuite name="pytest" errors="0" failures="0" skipped="0" tests="7" time="10.452" timestamp="2026-03-23T17:48:34.053184+00:00" hostname="agent-env-1bdb9679-377e-473f-8446-c87ac4a7ebae"><testcase classname="backend.tests.test_iteration48_cascade_milestones.TestCascadeDelete" name="test_cascade_delete_full_flow" time="4.469" /><testcase classname="backend.tests.test_iteration48_cascade_milestones.TestActivitiesAPI" name="test_activities_for_project_6856eeac" time="0.861" /><testcase classname="backend.tests.test_iteration48_cascade_milestones.TestMilestonesAPI" name="test_milestones_for_project_6856eeac" time="0.884" /><testcase classname="backend.tests.test_iteration48_cascade_milestones.TestProjectRegression" name="test_project_save_still_works" time="1.255" /><testcase classname="backend.tests.test_iteration48_cascade_milestones.TestProjectRegression" name="test_milestones_save_still_works" time="0.823" /><testcase classname="backend.tests.test_iteration48_cascade_milestones.TestMilestoneStructure" name="test_milestone_has_required_fields_for_excel" time="0.837" /><testcase classname="backend.tests.test_iteration48_cascade_milestones.TestExportDataEndpoint" name="test_export_data_includes_activities" time="1.258" /></testsuite></testsuites>