<?xml version="1.0" encoding="utf-8"?><testsuites name="pytest tests"><testsuite name="pytest" errors="0" failures="0" skipped="0" tests="10" time="2.726" timestamp="2026-03-10T07:49:26.550689+00:00" hostname="agent-env-a4927cf2-fa04-4796-9e46-205adeef7885"><testcase classname="backend.tests.test_batch5_features.TestSubTechnologies" name="test_get_sub_technologies" time="0.219" /><testcase classname="backend.tests.test_batch5_features.TestSubTechnologies" name="test_get_technologies_for_sub_tech" time="0.077" /><testcase classname="backend.tests.test_batch5_features.TestSubTechnologies" name="test_create_sub_technology" time="0.270" /><testcase classname="backend.tests.test_batch5_features.TestSubTechnologies" name="test_delete_sub_technology" time="0.246" /><testcase classname="backend.tests.test_batch5_features.TestCRMIdField" name="test_project_model_has_crm_id" time="0.554" /><testcase classname="backend.tests.test_batch5_features.TestSubTechnologyOnProject" name="test_project_has_sub_technology_fields" time="0.693" /><testcase classname="backend.tests.test_batch5_features.TestProjectsExport" name="test_projects_endpoint_supports_latest_only_false" time="0.185" /><testcase classname="backend.tests.test_batch5_features.TestProjectsExport" name="test_download_file_endpoint" time="0.094" /><testcase classname="backend.tests.test_batch5_features.TestDashboardAnalytics" name="test_dashboard_analytics" time="0.083" /><testcase classname="backend.tests.test_batch5_features.TestAuthentication" name="test_login" time="0.242" /></testsuite></testsuites>