<?xml version="1.0" encoding="utf-8"?><testsuites name="pytest tests"><testsuite name="pytest" errors="0" failures="0" skipped="0" tests="8" time="8.036" timestamp="2026-03-23T16:21:08.755418+00:00" hostname="agent-env-1bdb9679-377e-473f-8446-c87ac4a7ebae"><testcase classname="backend.tests.test_iteration45_bugs.TestMilestonesAPI" name="test_get_milestones_returns_payment_terms_days" time="1.135" /><testcase classname="backend.tests.test_iteration45_bugs.TestMilestonesAPI" name="test_save_milestones_with_payment_terms" time="0.859" /><testcase classname="backend.tests.test_iteration45_bugs.TestMilestonesAPI" name="test_save_milestones_with_zero_payment_terms" time="0.411" /><testcase classname="backend.tests.test_iteration45_bugs.TestMilestonesAPI" name="test_save_milestones_with_different_payment_terms" time="2.085" /><testcase classname="backend.tests.test_iteration45_bugs.TestNewVersionMilestones" name="test_create_new_version_endpoint_exists" time="0.421" /><testcase classname="backend.tests.test_iteration45_bugs.TestNewVersionMilestones" name="test_milestones_can_be_saved_for_any_project" time="0.851" /><testcase classname="backend.tests.test_iteration45_bugs.TestCashflowWithPaymentTerms" name="test_cashflow_includes_payment_terms" time="0.906" /><testcase classname="backend.tests.test_iteration45_bugs.TestRegressionCtrlS" name="test_project_save_endpoint" time="1.270" /></testsuite></testsuites>