<?xml version="1.0" encoding="utf-8"?><testsuites name="pytest tests"><testsuite name="pytest" errors="0" failures="0" skipped="0" tests="6" time="7.244" timestamp="2026-03-05T07:12:10.929857+00:00" hostname="agent-env-ab2b27ec-0283-4663-8335-055781deb240"><testcase classname="backend.tests.test_iter19_features.TestSupersededStatus" name="test_new_version_sets_previous_to_superseded" time="5.886" /><testcase classname="backend.tests.test_iter19_features.TestInReviewEditPermissions" name="test_admin_can_fetch_in_review_project" time="0.250" /><testcase classname="backend.tests.test_iter19_features.TestInReviewEditPermissions" name="test_admin_can_update_in_review_project" time="0.279" /><testcase classname="backend.tests.test_iter19_features.TestProjectStatusBadges" name="test_superseded_status_in_project_list" time="0.198" /><testcase classname="backend.tests.test_iter19_features.TestAPIEndpoints" name="test_projects_list" time="0.212" /><testcase classname="backend.tests.test_iter19_features.TestAPIEndpoints" name="test_project_versions" time="0.286" /></testsuite></testsuites>