<?xml version="1.0" encoding="utf-8"?><testsuites name="pytest tests"><testsuite name="pytest" errors="0" failures="0" skipped="0" tests="3" time="1.061" timestamp="2026-04-26T07:24:24.817978+00:00" hostname="agent-env-52e7f45c-cf62-4682-8f52-a60116e8465d"><testcase classname="backend.tests.test_iter56_batch10" name="test_advance_milestone_no_offset" time="0.593" /><testcase classname="backend.tests.test_iter56_batch10" name="test_non_advance_only_shifts" time="0.340" /><testcase classname="backend.tests.test_iter56_batch10" name="test_cleanup_milestones" time="0.080" /></testsuite></testsuites>