<?xml version="1.0" encoding="utf-8"?><testsuites name="pytest tests"><testsuite name="pytest" errors="0" failures="0" skipped="0" tests="10" time="7.710" timestamp="2026-03-23T09:35:53.264319+00:00" hostname="agent-env-df18e78a-f136-48b7-b124-00e107c33c26"><testcase classname="backend.tests.test_iteration41_milestones.TestMilestoneAPI" name="test_get_milestones_returns_200" time="1.030" /><testcase classname="backend.tests.test_iteration41_milestones.TestMilestoneAPI" name="test_get_milestones_structure" time="0.514" /><testcase classname="backend.tests.test_iteration41_milestones.TestMilestoneAPI" name="test_put_milestone_with_phase_name_and_position" time="0.860" /><testcase classname="backend.tests.test_iteration41_milestones.TestMilestoneAPI" name="test_milestone_persistence_with_phase_fields" time="0.405" /><testcase classname="backend.tests.test_iteration41_milestones.TestMilestoneAPI" name="test_put_milestone_start_position" time="1.314" /><testcase classname="backend.tests.test_iteration41_milestones.TestMilestoneAPI" name="test_put_milestone_end_position" time="1.252" /><testcase classname="backend.tests.test_iteration41_milestones.TestMilestoneAPI" name="test_get_project_has_phase_ranges" time="0.432" /><testcase classname="backend.tests.test_iteration41_milestones.TestMilestoneAPI" name="test_cleanup_test_milestones" time="0.852" /><testcase classname="backend.tests.test_iteration41_milestones.TestMilestoneWithoutAuth" name="test_get_milestones_requires_auth" time="0.539" /><testcase classname="backend.tests.test_iteration41_milestones.TestMilestoneWithoutAuth" name="test_put_milestones_requires_auth" time="0.416" /></testsuite></testsuites>