<?xml version="1.0" encoding="utf-8"?><testsuites name="pytest tests"><testsuite name="pytest" errors="0" failures="0" skipped="0" tests="4" time="5.793" timestamp="2026-04-25T06:57:15.814324+00:00" hostname="agent-env-52e7f45c-cf62-4682-8f52-a60116e8465d"><testcase classname="backend.tests.test_iteration55_phase5" name="test_milestone_is_advance_persists" time="2.725" /><testcase classname="backend.tests.test_iteration55_phase5" name="test_cashflow_returns_advance_fields" time="0.445" /><testcase classname="backend.tests.test_iteration55_phase5" name="test_cashflow_advance_revenue_equals_milestone_payment" time="1.254" /><testcase classname="backend.tests.test_iteration55_phase5" name="test_cashflow_advance_zero_when_no_advance" time="1.268" /></testsuite></testsuites>