<?xml version="1.0" encoding="utf-8"?><testsuites name="pytest tests"><testsuite name="pytest" errors="0" failures="0" skipped="0" tests="10" time="13.493" timestamp="2026-04-25T06:36:28.806104+00:00" hostname="agent-env-6ad70ac6-5929-40dd-bf86-6a55a51226df"><testcase classname="backend.tests.test_iteration54_phase4.TestCommercialStatusField" name="test_create_project_with_commercial_status" time="0.512" /><testcase classname="backend.tests.test_iteration54_phase4.TestCommercialStatusField" name="test_update_project_commercial_status" time="0.409" /><testcase classname="backend.tests.test_iteration54_phase4.TestCommercialStatusField" name="test_commercial_status_options" time="1.005" /><testcase classname="backend.tests.test_iteration54_phase4.TestPreviousStatusOnVersioning" name="test_new_version_sets_previous_status" time="10.156" /><testcase classname="backend.tests.test_iteration54_phase4.TestPreviousStatusOnVersioning" name="test_previous_status_for_draft_project" time="0.448" /><testcase classname="backend.tests.test_iteration54_phase4.TestMilestonesPageFiltering" name="test_projects_list_returns_latest_only_by_default" time="0.101" /><testcase classname="backend.tests.test_iteration54_phase4.TestMilestonesPageFiltering" name="test_projects_list_with_latest_only_false" time="0.110" /><testcase classname="backend.tests.test_iteration54_phase4.TestProjectFieldsInResponse" name="test_project_response_includes_commercial_status" time="0.264" /><testcase classname="backend.tests.test_iteration54_phase4.TestProjectFieldsInResponse" name="test_projects_list_includes_commercial_status" time="0.108" /><testcase classname="backend.tests.test_iteration54_phase4.TestTechnologyInAllocations" name="test_allocation_includes_technology_name" time="0.312" /></testsuite></testsuites>