<?xml version="1.0" encoding="utf-8"?><testsuites name="pytest tests"><testsuite name="pytest" errors="0" failures="0" skipped="0" tests="14" time="9.602" timestamp="2026-03-23T16:39:06.667803+00:00" hostname="agent-env-1bdb9679-377e-473f-8446-c87ac4a7ebae"><testcase classname="backend.tests.test_iteration46_activities.TestActivityTemplatesAPI" name="test_get_all_templates" time="1.140" /><testcase classname="backend.tests.test_iteration46_activities.TestActivityTemplatesAPI" name="test_create_template" time="0.948" /><testcase classname="backend.tests.test_iteration46_activities.TestActivityTemplatesAPI" name="test_get_templates_by_type" time="0.452" /><testcase classname="backend.tests.test_iteration46_activities.TestActivityTemplatesAPI" name="test_update_template" time="0.409" /><testcase classname="backend.tests.test_iteration46_activities.TestActivityTemplatesAPI" name="test_delete_template" time="0.423" /><testcase classname="backend.tests.test_iteration46_activities.TestActivityTemplatesAPI" name="test_delete_nonexistent_template" time="0.405" /><testcase classname="backend.tests.test_iteration46_activities.TestProjectActivitiesAPI" name="test_get_project_activities" time="1.091" /><testcase classname="backend.tests.test_iteration46_activities.TestProjectActivitiesAPI" name="test_get_phase_activities_empty" time="0.441" /><testcase classname="backend.tests.test_iteration46_activities.TestProjectActivitiesAPI" name="test_save_phase_activities" time="0.472" /><testcase classname="backend.tests.test_iteration46_activities.TestProjectActivitiesAPI" name="test_verify_saved_activities" time="0.406" /><testcase classname="backend.tests.test_iteration46_activities.TestAdoptTemplateAPI" name="test_adopt_template_flow" time="1.713" /><testcase classname="backend.tests.test_iteration46_activities.TestAdoptTemplateAPI" name="test_adopt_nonexistent_template" time="0.406" /><testcase classname="backend.tests.test_iteration46_activities.TestMilestonesAPI" name="test_get_milestones" time="0.406" /><testcase classname="backend.tests.test_iteration46_activities.TestMilestonesAPI" name="test_save_milestones" time="0.822" /></testsuite></testsuites>