<?xml version="1.0" encoding="utf-8"?><testsuites name="pytest tests"><testsuite name="pytest" errors="0" failures="0" skipped="0" tests="4" time="0.119" timestamp="2026-06-27T07:08:42.847885+00:00" hostname="agent-env-52e7f45c-cf62-4682-8f52-a60116e8465d"><testcase classname="backend.tests.test_ams_billing_frequency" name="test_monthly_advance_no_terms" time="0.017" /><testcase classname="backend.tests.test_ams_billing_frequency" name="test_quarterly_advance" time="0.014" /><testcase classname="backend.tests.test_ams_billing_frequency" name="test_quarterly_arrears_with_30day_terms" time="0.014" /><testcase classname="backend.tests.test_ams_billing_frequency" name="test_monthly_arrears_with_60day_terms" time="0.014" /></testsuite></testsuites>