<?xml version="1.0" encoding="utf-8"?><testsuites name="pytest tests"><testsuite name="pytest" errors="0" failures="1" skipped="0" tests="11" time="23.049" timestamp="2026-03-10T09:49:19.351568+00:00" hostname="agent-env-b638700d-f5c9-4dd9-b1f6-3fe396e614ad"><testcase classname="backend.tests.test_iteration25_access_control.TestAccessControl" name="test_create_public_project" time="1.173" /><testcase classname="backend.tests.test_iteration25_access_control.TestAccessControl" name="test_public_project_visible_to_all" time="2.142" /><testcase classname="backend.tests.test_iteration25_access_control.TestAccessControl" name="test_create_restricted_project" time="1.311" /><testcase classname="backend.tests.test_iteration25_access_control.TestAccessControl" name="test_restricted_project_hidden_from_unauthorized" time="1.279" /><testcase classname="backend.tests.test_iteration25_access_control.TestAccessControl" name="test_restricted_project_visible_to_authorized_user" time="1.268" /><testcase classname="backend.tests.test_iteration25_access_control.TestAccessControl" name="test_admin_can_see_all_restricted_projects" time="0.815" /><testcase classname="backend.tests.test_iteration25_access_control.TestAccessControl" name="test_creator_can_see_own_restricted_project" time="0.810" /><testcase classname="backend.tests.test_iteration25_access_control.TestAccessControl" name="test_approver_access_when_in_review" time="11.902"><failure message="AssertionError: Approver should see restricted project when in_review&#10;assert '366cc5a1-99a1-4366-8fd4-f58ec954c826' in ['11840369-c4c5-40bb-85ed-2771ca395e29', '0811152a-bf22-448d-a205-c1a75f493582']">backend/tests/test_iteration25_access_control.py:450: in test_approver_access_when_in_review
    assert project_id in project_ids, "Approver should see restricted project when in_review"
E   AssertionError: Approver should see restricted project when in_review
E   assert '366cc5a1-99a1-4366-8fd4-f58ec954c826' in ['11840369-c4c5-40bb-85ed-2771ca395e29', '0811152a-bf22-448d-a205-c1a75f493582']</failure></testcase><testcase classname="backend.tests.test_iteration25_access_control.TestAccessControl" name="test_update_visibility_from_public_to_restricted" time="0.971" /><testcase classname="backend.tests.test_iteration25_access_control.TestAccessControl" name="test_users_endpoint_for_restricted_selection" time="0.404" /><testcase classname="backend.tests.test_iteration25_access_control.TestAccessControlCleanup" name="test_cleanup_test_users" time="0.826" /></testsuite></testsuites>