<?xml version="1.0" encoding="utf-8"?><testsuites name="pytest tests"><testsuite name="pytest" errors="0" failures="0" skipped="0" tests="9" time="7.827" timestamp="2026-03-23T11:17:37.971360+00:00" hostname="agent-env-df18e78a-f136-48b7-b124-00e107c33c26"><testcase classname="backend.tests.test_iteration44_gantt_labels.TestMilestonesAPI" name="test_get_milestones_returns_required_fields" time="1.062" /><testcase classname="backend.tests.test_iteration44_gantt_labels.TestMilestonesAPI" name="test_marker_milestones_have_numeric_position" time="0.841" /><testcase classname="backend.tests.test_iteration44_gantt_labels.TestMilestonesAPI" name="test_payment_milestones_have_valid_position" time="0.838" /><testcase classname="backend.tests.test_iteration44_gantt_labels.TestMilestonesAPI" name="test_milestones_have_phase_name" time="0.821" /><testcase classname="backend.tests.test_iteration44_gantt_labels.TestMilestonesAPI" name="test_wave1_sf_milestones_structure" time="0.830" /><testcase classname="backend.tests.test_iteration44_gantt_labels.TestMilestonesAPI" name="test_wave2_milestones_structure" time="0.835" /><testcase classname="backend.tests.test_iteration44_gantt_labels.TestMilestonesAPI" name="test_explore_phase_has_multiple_milestones" time="0.855" /><testcase classname="backend.tests.test_iteration44_gantt_labels.TestProjectAPI" name="test_get_project_version" time="0.819" /><testcase classname="backend.tests.test_iteration44_gantt_labels.TestProjectAPI" name="test_get_project_waves" time="0.859" /></testsuite></testsuites>