<?xml version="1.0" encoding="utf-8"?><testsuites name="pytest tests"><testsuite name="pytest" errors="0" failures="0" skipped="0" tests="11" time="11.075" timestamp="2026-03-23T10:49:44.027159+00:00" hostname="agent-env-df18e78a-f136-48b7-b124-00e107c33c26"><testcase classname="backend.tests.test_iteration43_slider.TestMilestoneSliderPositioning" name="test_get_project_exists" time="0.960" /><testcase classname="backend.tests.test_iteration43_slider.TestMilestoneSliderPositioning" name="test_get_milestones_returns_position" time="0.768" /><testcase classname="backend.tests.test_iteration43_slider.TestMilestoneSliderPositioning" name="test_marker_milestone_numeric_position" time="0.799" /><testcase classname="backend.tests.test_iteration43_slider.TestMilestoneSliderPositioning" name="test_put_milestone_with_numeric_position" time="1.547" /><testcase classname="backend.tests.test_iteration43_slider.TestMilestoneSliderPositioning" name="test_payment_milestone_uses_start_mid_end" time="0.781" /><testcase classname="backend.tests.test_iteration43_slider.TestMilestoneSliderPositioning" name="test_marker_default_position_50" time="1.548" /><testcase classname="backend.tests.test_iteration43_slider.TestMilestoneSliderPositioning" name="test_cleanup_test_milestones" time="1.241" /><testcase classname="backend.tests.test_iteration43_slider.TestProjectPhaseRanges" name="test_project_has_phase_ranges" time="0.960" /><testcase classname="backend.tests.test_iteration43_slider.TestProjectPhaseRanges" name="test_realize_phase_exists" time="0.799" /><testcase classname="backend.tests.test_iteration43_slider.TestMilestoneAPI" name="test_milestone_fields_complete" time="0.792" /><testcase classname="backend.tests.test_iteration43_slider.TestMilestoneAPI" name="test_sit_marker_at_65_percent" time="0.817" /></testsuite></testsuites>