<?xml version="1.0" encoding="utf-8"?><testsuites name="pytest tests"><testsuite name="pytest" errors="0" failures="0" skipped="0" tests="9" time="2.973" timestamp="2026-04-25T05:34:33.499068+00:00" hostname="agent-env-6ad70ac6-5929-40dd-bf86-6a55a51226df"><testcase classname="backend.tests.test_phase2_features.TestCompetenciesCRUD" name="test_get_competencies" time="0.168" /><testcase classname="backend.tests.test_phase2_features.TestCompetenciesCRUD" name="test_create_competency" time="0.186" /><testcase classname="backend.tests.test_phase2_features.TestCompetenciesCRUD" name="test_update_competency" time="0.276" /><testcase classname="backend.tests.test_phase2_features.TestCompetenciesCRUD" name="test_delete_competency" time="0.259" /><testcase classname="backend.tests.test_phase2_features.TestDashboardProjectLocations" name="test_get_project_locations" time="0.105" /><testcase classname="backend.tests.test_phase2_features.TestDashboardAnalyticsBudgetaryExclusion" name="test_analytics_excludes_budgetary" time="0.093" /><testcase classname="backend.tests.test_phase2_features.TestProjectNewFields" name="test_project_with_new_fields" time="0.591" /><testcase classname="backend.tests.test_phase2_features.TestProjectNewFields" name="test_bid_category_options" time="1.026" /><testcase classname="backend.tests.test_phase2_features.TestProjectsListStatusFilter" name="test_projects_endpoint" time="0.156" /></testsuite></testsuites>