<?xml version="1.0" encoding="utf-8"?><testsuites name="pytest tests"><testsuite name="pytest" errors="0" failures="0" skipped="0" tests="14" time="9.843" timestamp="2026-03-23T17:23:55.323418+00:00" hostname="agent-env-1bdb9679-377e-473f-8446-c87ac4a7ebae"><testcase classname="backend.tests.test_iteration47_activities.TestActivityTemplatesAPI" name="test_get_all_templates" time="0.884" /><testcase classname="backend.tests.test_iteration47_activities.TestActivityTemplatesAPI" name="test_get_templates_by_combo" time="0.424" /><testcase classname="backend.tests.test_iteration47_activities.TestActivityTemplatesAPI" name="test_sap_template_discover_phase_content" time="0.519" /><testcase classname="backend.tests.test_iteration47_activities.TestActivityTemplatesAPI" name="test_upsert_template_create" time="0.862" /><testcase classname="backend.tests.test_iteration47_activities.TestActivityTemplatesAPI" name="test_upsert_template_update" time="1.996" /><testcase classname="backend.tests.test_iteration47_activities.TestBulkAdoptTemplates" name="test_adopt_templates_single_phase" time="0.447" /><testcase classname="backend.tests.test_iteration47_activities.TestBulkAdoptTemplates" name="test_adopt_templates_multiple_phases" time="0.458" /><testcase classname="backend.tests.test_iteration47_activities.TestBulkAdoptTemplates" name="test_adopt_templates_missing_params" time="0.405" /><testcase classname="backend.tests.test_iteration47_activities.TestProjectActivitiesAPI" name="test_get_project_activities" time="0.405" /><testcase classname="backend.tests.test_iteration47_activities.TestProjectActivitiesAPI" name="test_get_phase_activities" time="0.421" /><testcase classname="backend.tests.test_iteration47_activities.TestProjectActivitiesAPI" name="test_save_phase_activities_with_wave_activities" time="1.260" /><testcase classname="backend.tests.test_iteration47_activities.TestProjectActivitiesAPI" name="test_activities_export_data" time="0.408" /><testcase classname="backend.tests.test_iteration47_activities.TestSeedSAPTemplate" name="test_seed_sap_template" time="0.831" /><testcase classname="backend.tests.test_iteration47_activities.TestMainExcelExportWithActivities" name="test_project_has_activities_for_export" time="0.452" /></testsuite></testsuites>