<?xml version="1.0" encoding="utf-8"?><testsuites name="pytest tests"><testsuite name="pytest" errors="0" failures="0" skipped="0" tests="9" time="10.860" timestamp="2026-03-04T16:26:40.665408+00:00" hostname="agent-env-ab2b27ec-0283-4663-8335-055781deb240"><testcase classname="backend.tests.test_iteration16_features.TestDashboardDeduplication" name="test_dashboard_analytics_returns_unique_project_count" time="0.951" /><testcase classname="backend.tests.test_iteration16_features.TestCustomerEditEndpoint" name="test_get_customers_list" time="0.888" /><testcase classname="backend.tests.test_iteration16_features.TestCustomerEditEndpoint" name="test_update_customer_name" time="1.555" /><testcase classname="backend.tests.test_iteration16_features.TestCustomerEditEndpoint" name="test_update_customer_industry_vertical" time="1.914" /><testcase classname="backend.tests.test_iteration16_features.TestCustomerEditEndpoint" name="test_update_customer_all_fields" time="1.546" /><testcase classname="backend.tests.test_iteration16_features.TestCustomerEditEndpoint" name="test_update_nonexistent_customer_returns_404" time="0.759" /><testcase classname="backend.tests.test_iteration16_features.TestProjectValidation" name="test_project_creation_requires_waves" time="1.548" /><testcase classname="backend.tests.test_iteration16_features.TestTechnologiesAndSkills" name="test_get_technologies" time="0.772" /><testcase classname="backend.tests.test_iteration16_features.TestTechnologiesAndSkills" name="test_get_skills" time="0.782" /></testsuite></testsuites>