<?xml version="1.0" encoding="utf-8"?><testsuites name="pytest tests"><testsuite name="pytest" errors="0" failures="0" skipped="0" tests="9" time="2.378" timestamp="2026-03-23T08:53:33.803590+00:00" hostname="agent-env-85adb55d-b28d-4dbc-848a-1d971d881941"><testcase classname="backend.tests.test_phase_dependencies.TestPhaseDependencies" name="test_get_project_with_phase_ranges" time="0.214" /><testcase classname="backend.tests.test_phase_dependencies.TestPhaseDependencies" name="test_get_project_has_phase_dependencies_field" time="0.175" /><testcase classname="backend.tests.test_phase_dependencies.TestPhaseDependencies" name="test_save_project_with_dependencies" time="0.295" /><testcase classname="backend.tests.test_phase_dependencies.TestPhaseDependencies" name="test_verify_dependency_persisted" time="0.279" /><testcase classname="backend.tests.test_phase_dependencies.TestPhaseDependencies" name="test_add_multiple_dependencies" time="0.367" /><testcase classname="backend.tests.test_phase_dependencies.TestPhaseDependencies" name="test_remove_dependency" time="0.298" /><testcase classname="backend.tests.test_phase_dependencies.TestMilestonesAPI" name="test_get_milestones_endpoint_exists" time="0.169" /><testcase classname="backend.tests.test_phase_dependencies.TestMilestonesAPI" name="test_milestones_structure" time="0.176" /><testcase classname="backend.tests.test_phase_dependencies.TestBackendModel" name="test_create_project_with_phase_dependencies" time="0.350" /></testsuite></testsuites>