<?xml version="1.0" encoding="utf-8"?><testsuites name="pytest tests"><testsuite name="pytest" errors="0" failures="0" skipped="0" tests="8" time="4.510" timestamp="2026-03-23T18:17:09.778723+00:00" hostname="agent-env-1bdb9679-377e-473f-8446-c87ac4a7ebae"><testcase classname="backend.tests.test_iteration49_features.TestActivitiesAPI" name="test_get_project_activities" time="1.021" /><testcase classname="backend.tests.test_iteration49_features.TestCashflowAPI" name="test_get_project_cashflow" time="0.429" /><testcase classname="backend.tests.test_iteration49_features.TestSAPPublicCloudTemplate" name="test_seed_sap_public_cloud_template" time="0.565" /><testcase classname="backend.tests.test_iteration49_features.TestSAPPublicCloudTemplate" name="test_get_sap_public_cloud_templates_by_combo" time="0.419" /><testcase classname="backend.tests.test_iteration49_features.TestRegressionProjectSave" name="test_get_project" time="0.429" /><testcase classname="backend.tests.test_iteration49_features.TestRegressionProjectSave" name="test_get_projects_list" time="0.721" /><testcase classname="backend.tests.test_iteration49_features.TestPaymentMilestonesAPI" name="test_get_project_milestones" time="0.430" /><testcase classname="backend.tests.test_iteration49_features.TestActivityTemplatesAPI" name="test_get_activity_templates" time="0.433" /></testsuite></testsuites>