<?xml version="1.0" encoding="utf-8"?><testsuites name="pytest tests"><testsuite name="pytest" errors="0" failures="1" skipped="0" tests="27" time="24.636" timestamp="2026-03-11T12:19:45.503005+00:00" hostname="agent-env-e6d98d1c-d22a-41d0-8729-861f0e5c142b"><testcase classname="tests.test_backend_refactored.TestHealthAndAuth" name="test_health_endpoint" time="0.497"><failure message="requests.exceptions.JSONDecodeError: Expecting value: line 1 column 1 (char 0)">/root/.venv/lib/python3.11/site-packages/requests/models.py:976: in json
    return complexjson.loads(self.text, **kwargs)
           ^^^^^^^^^^^^^^^^^^^^^^^^^^^^^^^^^^^^^^
/usr/local/lib/python3.11/json/__init__.py:346: in loads
    return _default_decoder.decode(s)
           ^^^^^^^^^^^^^^^^^^^^^^^^^^
/usr/local/lib/python3.11/json/decoder.py:337: in decode
    obj, end = self.raw_decode(s, idx=_w(s, 0).end())
               ^^^^^^^^^^^^^^^^^^^^^^^^^^^^^^^^^^^^^^
/usr/local/lib/python3.11/json/decoder.py:355: in raw_decode
    raise JSONDecodeError("Expecting value", s, err.value) from None
E   json.decoder.JSONDecodeError: Expecting value: line 1 column 1 (char 0)

During handling of the above exception, another exception occurred:
tests/test_backend_refactored.py:18: in test_health_endpoint
    data = response.json()
           ^^^^^^^^^^^^^^^
/root/.venv/lib/python3.11/site-packages/requests/models.py:980: in json
    raise RequestsJSONDecodeError(e.msg, e.doc, e.pos)
E   requests.exceptions.JSONDecodeError: Expecting value: line 1 column 1 (char 0)</failure></testcase><testcase classname="tests.test_backend_refactored.TestHealthAndAuth" name="test_login_success" time="0.436" /><testcase classname="tests.test_backend_refactored.TestHealthAndAuth" name="test_login_invalid_credentials" time="0.426" /><testcase classname="tests.test_backend_refactored.TestHealthAndAuth" name="test_auth_me_endpoint" time="0.850" /><testcase classname="tests.test_backend_refactored.TestProjects" name="test_get_projects_list" time="1.132" /><testcase classname="tests.test_backend_refactored.TestProjects" name="test_get_archived_projects" time="0.872" /><testcase classname="tests.test_backend_refactored.TestProjects" name="test_get_templates" time="0.857" /><testcase classname="tests.test_backend_refactored.TestProjects" name="test_get_single_project" time="1.536" /><testcase classname="tests.test_backend_refactored.TestProjects" name="test_get_project_versions" time="1.536" /><testcase classname="tests.test_backend_refactored.TestMasterData" name="test_get_customers" time="0.831" /><testcase classname="tests.test_backend_refactored.TestMasterData" name="test_get_technologies" time="0.917" /><testcase classname="tests.test_backend_refactored.TestMasterData" name="test_get_sub_technologies" time="0.847" /><testcase classname="tests.test_backend_refactored.TestMasterData" name="test_get_skills" time="0.836" /><testcase classname="tests.test_backend_refactored.TestMasterData" name="test_get_proficiency_rates" time="0.854" /><testcase classname="tests.test_backend_refactored.TestMasterData" name="test_get_base_locations" time="0.802" /><testcase classname="tests.test_backend_refactored.TestMasterData" name="test_get_project_types" time="0.800" /><testcase classname="tests.test_backend_refactored.TestMasterData" name="test_get_sales_managers" time="0.817" /><testcase classname="tests.test_backend_refactored.TestDashboard" name="test_dashboard_analytics" time="0.837" /><testcase classname="tests.test_backend_refactored.TestDashboard" name="test_dashboard_compare" time="0.823" /><testcase classname="tests.test_backend_refactored.TestFinancials" name="test_get_milestones" time="1.481" /><testcase classname="tests.test_backend_refactored.TestFinancials" name="test_get_cashflow" time="1.331" /><testcase classname="tests.test_backend_refactored.TestUsers" name="test_get_users_list" time="0.813" /><testcase classname="tests.test_backend_refactored.TestUsers" name="test_get_approvers_list" time="0.825" /><testcase classname="tests.test_backend_refactored.TestUsers" name="test_get_user_settings" time="0.847" /><testcase classname="tests.test_backend_refactored.TestNotificationsAndAudit" name="test_get_notifications" time="0.835" /><testcase classname="tests.test_backend_refactored.TestNotificationsAndAudit" name="test_get_audit_logs" time="1.062" /><testcase classname="tests.test_backend_refactored.TestNotificationsAndAudit" name="test_get_audit_summary" time="0.814" /></testsuite></testsuites>