<?xml version="1.0" encoding="utf-8"?><testsuites name="pytest tests"><testsuite name="pytest" errors="0" failures="0" skipped="0" tests="5" time="2.041" timestamp="2026-06-27T06:13:21.166086+00:00" hostname="agent-env-52e7f45c-cf62-4682-8f52-a60116e8465d"><testcase classname="backend.tests.test_iter58_ams_rollup" name="test_combined_data_has_ams_shared_revenue" time="0.409" /><testcase classname="backend.tests.test_iter58_ams_rollup" name="test_combined_data_ams_sums_to_summary" time="0.549" /><testcase classname="backend.tests.test_iter58_ams_rollup" name="test_wave_monthly_data_has_ams_shared_revenue" time="0.526" /><testcase classname="backend.tests.test_iter58_ams_rollup" name="test_implementation_project_zero_ams_in_combined" time="0.280" /><testcase classname="backend.tests.test_iter58_ams_rollup" name="test_ams_persistence_for_export_import" time="0.226" /></testsuite></testsuites>