<?xml version="1.0" encoding="utf-8"?><testsuites name="pytest tests"><testsuite name="pytest" errors="0" failures="0" skipped="0" tests="4" time="0.103" timestamp="2026-06-27T07:09:11.835819+00:00" hostname="agent-env-52e7f45c-cf62-4682-8f52-a60116e8465d"><testcase classname="backend.tests.test_iter60_ams_billing_roundtrip" name="test_post_get_roundtrip_monthly_advance" time="0.014" /><testcase classname="backend.tests.test_iter60_ams_billing_roundtrip" name="test_post_get_roundtrip_quarterly_arrears" time="0.010" /><testcase classname="backend.tests.test_iter60_ams_billing_roundtrip" name="test_put_updates_billing_fields" time="0.015" /><testcase classname="backend.tests.test_iter60_ams_billing_roundtrip" name="test_default_values_when_omitted" time="0.010" /></testsuite></testsuites>