<?xml version="1.0" encoding="utf-8"?><testsuites name="pytest tests"><testsuite name="pytest" errors="0" failures="0" skipped="0" tests="12" time="7.287" timestamp="2026-03-11T09:49:15.183999+00:00" hostname="agent-env-c46ab2a2-6b15-4e6e-a611-f6243f65c6bb"><testcase classname="backend.tests.test_iteration26_features.TestMilestonesAPI" name="test_get_milestones_empty" time="1.752" /><testcase classname="backend.tests.test_iteration26_features.TestMilestonesAPI" name="test_save_milestones" time="0.423" /><testcase classname="backend.tests.test_iteration26_features.TestMilestonesAPI" name="test_get_milestones_after_save" time="0.399" /><testcase classname="backend.tests.test_iteration26_features.TestMilestonesAPI" name="test_update_milestones" time="0.838" /><testcase classname="backend.tests.test_iteration26_features.TestCashflowAPI" name="test_get_cashflow" time="0.430" /><testcase classname="backend.tests.test_iteration26_features.TestCashflowAPI" name="test_cashflow_monthly_data_structure" time="0.411" /><testcase classname="backend.tests.test_iteration26_features.TestCashflowAPI" name="test_cashflow_net_calculation" time="0.407" /><testcase classname="backend.tests.test_iteration26_features.TestGanttAPI" name="test_upload_gantt_chart" time="0.400" /><testcase classname="backend.tests.test_iteration26_features.TestGanttAPI" name="test_get_gantt_chart" time="0.864" /><testcase classname="backend.tests.test_iteration26_features.TestGanttAPI" name="test_delete_gantt_chart" time="0.404" /><testcase classname="backend.tests.test_iteration26_features.TestProficiencyRates" name="test_get_proficiency_rates" time="0.408" /><testcase classname="backend.tests.test_iteration26_features.TestProjectWaveLogistics" name="test_project_has_logistics_config" time="0.423" /></testsuite></testsuites>